\BOOKMARK [0][-]{chapter.1}{\376\377\0001\000\040\000C\000C\000D\000e\000v\000e\000l\000o\000p\000.\000S\000e\000r\000i\000a\000l\000P\000o\000r\000t}{}% 1
\BOOKMARK [0][-]{chapter.2}{\376\377\0002\000\040\000N\000a\000m\000e\000s\000p\000a\000c\000e\000\040\000I\000n\000d\000e\000x}{}% 2
\BOOKMARK [1][-]{section.2.1}{\376\377\0002\000.\0001\000\040\000P\000a\000c\000k\000a\000g\000e\000\040\000L\000i\000s\000t}{chapter.2}% 3
\BOOKMARK [0][-]{chapter.3}{\376\377\0003\000\040\000H\000i\000e\000r\000a\000r\000c\000h\000i\000c\000a\000l\000\040\000I\000n\000d\000e\000x}{}% 4
\BOOKMARK [1][-]{section.3.1}{\376\377\0003\000.\0001\000\040\000C\000l\000a\000s\000s\000\040\000H\000i\000e\000r\000a\000r\000c\000h\000y}{chapter.3}% 5
\BOOKMARK [0][-]{chapter.4}{\376\377\0004\000\040\000C\000l\000a\000s\000s\000\040\000I\000n\000d\000e\000x}{}% 6
\BOOKMARK [1][-]{section.4.1}{\376\377\0004\000.\0001\000\040\000C\000l\000a\000s\000s\000\040\000L\000i\000s\000t}{chapter.4}% 7
\BOOKMARK [0][-]{chapter.5}{\376\377\0005\000\040\000N\000a\000m\000e\000s\000p\000a\000c\000e\000\040\000D\000o\000c\000u\000m\000e\000n\000t\000a\000t\000i\000o\000n}{}% 8
\BOOKMARK [1][-]{section.5.1}{\376\377\0005\000.\0001\000\040\000C\000C\000D\000e\000v\000e\000l\000o\000p\000\040\000N\000a\000m\000e\000s\000p\000a\000c\000e\000\040\000R\000e\000f\000e\000r\000e\000n\000c\000e}{chapter.5}% 9
\BOOKMARK [1][-]{section.5.2}{\376\377\0005\000.\0002\000\040\000C\000C\000D\000e\000v\000e\000l\000o\000p\000.\000S\000e\000r\000i\000a\000l\000P\000o\000r\000t\000\040\000N\000a\000m\000e\000s\000p\000a\000c\000e\000\040\000R\000e\000f\000e\000r\000e\000n\000c\000e}{chapter.5}% 10
\BOOKMARK [1][-]{section.5.3}{\376\377\0005\000.\0003\000\040\000C\000C\000D\000e\000v\000e\000l\000o\000p\000.\000S\000e\000r\000i\000a\000l\000P\000o\000r\000t\000.\000A\000b\000s\000t\000r\000a\000c\000t\000i\000o\000n\000s\000\040\000N\000a\000m\000e\000s\000p\000a\000c\000e\000\040\000R\000e\000f\000e\000r\000e\000n\000c\000e}{chapter.5}% 11
\BOOKMARK [1][-]{section.5.4}{\376\377\0005\000.\0004\000\040\000C\000C\000D\000e\000v\000e\000l\000o\000p\000.\000S\000e\000r\000i\000a\000l\000P\000o\000r\000t\000.\000A\000b\000s\000t\000r\000a\000c\000t\000i\000o\000n\000s\000.\000E\000n\000u\000m\000s\000\040\000N\000a\000m\000e\000s\000p\000a\000c\000e\000\040\000R\000e\000f\000e\000r\000e\000n\000c\000e}{chapter.5}% 12
\BOOKMARK [2][-]{subsection.5.4.1}{\376\377\0005\000.\0004\000.\0001\000\040\000E\000n\000u\000m\000e\000r\000a\000t\000i\000o\000n\000\040\000T\000y\000p\000e\000\040\000D\000o\000c\000u\000m\000e\000n\000t\000a\000t\000i\000o\000n}{section.5.4}% 13
\BOOKMARK [3][-]{subsubsection.5.4.1.1}{\376\377\0005\000.\0004\000.\0001\000.\0001\000\040\000H\000a\000n\000d\000s\000h\000a\000k\000e}{subsection.5.4.1}% 14
\BOOKMARK [3][-]{subsubsection.5.4.1.2}{\376\377\0005\000.\0004\000.\0001\000.\0002\000\040\000P\000a\000r\000i\000t\000y}{subsection.5.4.1}% 15
\BOOKMARK [3][-]{subsubsection.5.4.1.3}{\376\377\0005\000.\0004\000.\0001\000.\0003\000\040\000S\000t\000o\000p\000B\000i\000t\000s}{subsection.5.4.1}% 16
\BOOKMARK [1][-]{section.5.5}{\376\377\0005\000.\0005\000\040\000C\000C\000D\000e\000v\000e\000l\000o\000p\000.\000S\000e\000r\000i\000a\000l\000P\000o\000r\000t\000.\000L\000i\000n\000u\000x\000\040\000N\000a\000m\000e\000s\000p\000a\000c\000e\000\040\000R\000e\000f\000e\000r\000e\000n\000c\000e}{chapter.5}% 17
\BOOKMARK [1][-]{section.5.6}{\376\377\0005\000.\0006\000\040\000C\000C\000D\000e\000v\000e\000l\000o\000p\000.\000S\000e\000r\000i\000a\000l\000P\000o\000r\000t\000.\000L\000i\000n\000u\000x\000.\000H\000e\000l\000p\000e\000r\000s\000\040\000N\000a\000m\000e\000s\000p\000a\000c\000e\000\040\000R\000e\000f\000e\000r\000e\000n\000c\000e}{chapter.5}% 18
\BOOKMARK [1][-]{section.5.7}{\376\377\0005\000.\0007\000\040\000C\000C\000D\000e\000v\000e\000l\000o\000p\000.\000S\000e\000r\000i\000a\000l\000P\000o\000r\000t\000.\000W\000i\000n\000d\000o\000w\000s\000\040\000N\000a\000m\000e\000s\000p\000a\000c\000e\000\040\000R\000e\000f\000e\000r\000e\000n\000c\000e}{chapter.5}% 19
\BOOKMARK [0][-]{chapter.6}{\376\377\0006\000\040\000C\000l\000a\000s\000s\000\040\000D\000o\000c\000u\000m\000e\000n\000t\000a\000t\000i\000o\000n}{}% 20
\BOOKMARK [1][-]{section.6.1}{\376\377\0006\000.\0001\000\040\000C\000C\000D\000e\000v\000e\000l\000o\000p\000.\000S\000e\000r\000i\000a\000l\000P\000o\000r\000t\000.\000A\000b\000s\000t\000r\000a\000c\000t\000i\000o\000n\000s\000.\000I\000S\000e\000r\000i\000a\000l\000P\000o\000r\000t\000\040\000I\000n\000t\000e\000r\000f\000a\000c\000e\000\040\000R\000e\000f\000e\000r\000e\000n\000c\000e}{chapter.6}% 21
\BOOKMARK [2][-]{subsection.6.1.1}{\376\377\0006\000.\0001\000.\0001\000\040\000D\000e\000t\000a\000i\000l\000e\000d\000\040\000D\000e\000s\000c\000r\000i\000p\000t\000i\000o\000n}{section.6.1}% 22
\BOOKMARK [2][-]{subsection.6.1.2}{\376\377\0006\000.\0001\000.\0002\000\040\000M\000e\000m\000b\000e\000r\000\040\000F\000u\000n\000c\000t\000i\000o\000n\000\040\000D\000o\000c\000u\000m\000e\000n\000t\000a\000t\000i\000o\000n}{section.6.1}% 23
\BOOKMARK [3][-]{subsubsection.6.1.2.1}{\376\377\0006\000.\0001\000.\0002\000.\0001\000\040\000C\000l\000o\000s\000e\000\050\000\051}{subsection.6.1.2}% 24
\BOOKMARK [3][-]{subsubsection.6.1.2.2}{\376\377\0006\000.\0001\000.\0002\000.\0002\000\040\000D\000i\000s\000c\000a\000r\000d\000I\000n\000B\000u\000f\000f\000e\000r\000\050\000\051}{subsection.6.1.2}% 25
\BOOKMARK [3][-]{subsubsection.6.1.2.3}{\376\377\0006\000.\0001\000.\0002\000.\0003\000\040\000D\000i\000s\000c\000a\000r\000d\000I\000n\000B\000u\000f\000f\000e\000r\000A\000s\000y\000n\000c\000\050\000\051}{subsection.6.1.2}% 26
\BOOKMARK [3][-]{subsubsection.6.1.2.4}{\376\377\0006\000.\0001\000.\0002\000.\0004\000\040\000D\000i\000s\000c\000a\000r\000d\000O\000u\000t\000B\000u\000f\000f\000e\000r\000\050\000\051}{subsection.6.1.2}% 27
\BOOKMARK [3][-]{subsubsection.6.1.2.5}{\376\377\0006\000.\0001\000.\0002\000.\0005\000\040\000D\000i\000s\000c\000a\000r\000d\000O\000u\000t\000B\000u\000f\000f\000e\000r\000A\000s\000y\000n\000c\000\050\000\051}{subsection.6.1.2}% 28
\BOOKMARK [3][-]{subsubsection.6.1.2.6}{\376\377\0006\000.\0001\000.\0002\000.\0006\000\040\000O\000p\000e\000n\000\050\000\051}{subsection.6.1.2}% 29
\BOOKMARK [3][-]{subsubsection.6.1.2.7}{\376\377\0006\000.\0001\000.\0002\000.\0007\000\040\000T\000o\000S\000t\000r\000i\000n\000g\000\050\000\051}{subsection.6.1.2}% 30
\BOOKMARK [2][-]{subsection.6.1.3}{\376\377\0006\000.\0001\000.\0003\000\040\000P\000r\000o\000p\000e\000r\000t\000y\000\040\000D\000o\000c\000u\000m\000e\000n\000t\000a\000t\000i\000o\000n}{section.6.1}% 31
\BOOKMARK [3][-]{subsubsection.6.1.3.1}{\376\377\0006\000.\0001\000.\0003\000.\0001\000\040\000B\000a\000s\000e\000S\000t\000r\000e\000a\000m}{subsection.6.1.3}% 32
\BOOKMARK [3][-]{subsubsection.6.1.3.2}{\376\377\0006\000.\0001\000.\0003\000.\0002\000\040\000B\000a\000u\000d\000R\000a\000t\000e}{subsection.6.1.3}% 33
\BOOKMARK [3][-]{subsubsection.6.1.3.3}{\376\377\0006\000.\0001\000.\0003\000.\0003\000\040\000D\000a\000t\000a\000B\000i\000t\000s}{subsection.6.1.3}% 34
\BOOKMARK [3][-]{subsubsection.6.1.3.4}{\376\377\0006\000.\0001\000.\0003\000.\0004\000\040\000H\000a\000n\000d\000s\000h\000a\000k\000e}{subsection.6.1.3}% 35
\BOOKMARK [3][-]{subsubsection.6.1.3.5}{\376\377\0006\000.\0001\000.\0003\000.\0005\000\040\000I\000s\000O\000p\000e\000n}{subsection.6.1.3}% 36
\BOOKMARK [3][-]{subsubsection.6.1.3.6}{\376\377\0006\000.\0001\000.\0003\000.\0006\000\040\000P\000a\000r\000i\000t\000y}{subsection.6.1.3}% 37
\BOOKMARK [3][-]{subsubsection.6.1.3.7}{\376\377\0006\000.\0001\000.\0003\000.\0007\000\040\000P\000o\000r\000t\000N\000a\000m\000e}{subsection.6.1.3}% 38
\BOOKMARK [3][-]{subsubsection.6.1.3.8}{\376\377\0006\000.\0001\000.\0003\000.\0008\000\040\000R\000e\000a\000d\000T\000i\000m\000e\000o\000u\000t}{subsection.6.1.3}% 39
\BOOKMARK [3][-]{subsubsection.6.1.3.9}{\376\377\0006\000.\0001\000.\0003\000.\0009\000\040\000S\000t\000o\000p\000B\000i\000t\000s}{subsection.6.1.3}% 40
\BOOKMARK [1][-]{section.6.2}{\376\377\0006\000.\0002\000\040\000C\000C\000D\000e\000v\000e\000l\000o\000p\000.\000S\000e\000r\000i\000a\000l\000P\000o\000r\000t\000.\000L\000i\000n\000u\000x\000.\000L\000i\000n\000u\000x\000S\000e\000r\000i\000a\000l\000P\000o\000r\000t\000\040\000C\000l\000a\000s\000s\000\040\000R\000e\000f\000e\000r\000e\000n\000c\000e}{chapter.6}% 41
\BOOKMARK [2][-]{subsection.6.2.1}{\376\377\0006\000.\0002\000.\0001\000\040\000D\000e\000t\000a\000i\000l\000e\000d\000\040\000D\000e\000s\000c\000r\000i\000p\000t\000i\000o\000n}{section.6.2}% 42
\BOOKMARK [2][-]{subsection.6.2.2}{\376\377\0006\000.\0002\000.\0002\000\040\000C\000o\000n\000s\000t\000r\000u\000c\000t\000o\000r\000\040\000\046\000\040\000D\000e\000s\000t\000r\000u\000c\000t\000o\000r\000\040\000D\000o\000c\000u\000m\000e\000n\000t\000a\000t\000i\000o\000n}{section.6.2}% 43
\BOOKMARK [3][-]{subsubsection.6.2.2.1}{\376\377\0006\000.\0002\000.\0002\000.\0001\000\040\000L\000i\000n\000u\000x\000S\000e\000r\000i\000a\000l\000P\000o\000r\000t\000\050\000\051}{subsection.6.2.2}% 44
\BOOKMARK [2][-]{subsection.6.2.3}{\376\377\0006\000.\0002\000.\0003\000\040\000M\000e\000m\000b\000e\000r\000\040\000F\000u\000n\000c\000t\000i\000o\000n\000\040\000D\000o\000c\000u\000m\000e\000n\000t\000a\000t\000i\000o\000n}{section.6.2}% 45
\BOOKMARK [3][-]{subsubsection.6.2.3.1}{\376\377\0006\000.\0002\000.\0003\000.\0001\000\040\000C\000l\000o\000s\000e\000\050\000\051}{subsection.6.2.3}% 46
\BOOKMARK [3][-]{subsubsection.6.2.3.2}{\376\377\0006\000.\0002\000.\0003\000.\0002\000\040\000D\000i\000s\000c\000a\000r\000d\000I\000n\000B\000u\000f\000f\000e\000r\000\050\000\051}{subsection.6.2.3}% 47
\BOOKMARK [3][-]{subsubsection.6.2.3.3}{\376\377\0006\000.\0002\000.\0003\000.\0003\000\040\000D\000i\000s\000c\000a\000r\000d\000I\000n\000B\000u\000f\000f\000e\000r\000A\000s\000y\000n\000c\000\050\000\051}{subsection.6.2.3}% 48
\BOOKMARK [3][-]{subsubsection.6.2.3.4}{\376\377\0006\000.\0002\000.\0003\000.\0004\000\040\000D\000i\000s\000c\000a\000r\000d\000O\000u\000t\000B\000u\000f\000f\000e\000r\000\050\000\051}{subsection.6.2.3}% 49
\BOOKMARK [3][-]{subsubsection.6.2.3.5}{\376\377\0006\000.\0002\000.\0003\000.\0005\000\040\000D\000i\000s\000c\000a\000r\000d\000O\000u\000t\000B\000u\000f\000f\000e\000r\000A\000s\000y\000n\000c\000\050\000\051}{subsection.6.2.3}% 50
\BOOKMARK [3][-]{subsubsection.6.2.3.6}{\376\377\0006\000.\0002\000.\0003\000.\0006\000\040\000O\000p\000e\000n\000\050\000\051}{subsection.6.2.3}% 51
\BOOKMARK [3][-]{subsubsection.6.2.3.7}{\376\377\0006\000.\0002\000.\0003\000.\0007\000\040\000P\000o\000r\000t\000s\000\050\000\051}{subsection.6.2.3}% 52
\BOOKMARK [3][-]{subsubsection.6.2.3.8}{\376\377\0006\000.\0002\000.\0003\000.\0008\000\040\000T\000o\000S\000t\000r\000i\000n\000g\000\050\000\051}{subsection.6.2.3}% 53
\BOOKMARK [2][-]{subsection.6.2.4}{\376\377\0006\000.\0002\000.\0004\000\040\000P\000r\000o\000p\000e\000r\000t\000y\000\040\000D\000o\000c\000u\000m\000e\000n\000t\000a\000t\000i\000o\000n}{section.6.2}% 54
\BOOKMARK [3][-]{subsubsection.6.2.4.1}{\376\377\0006\000.\0002\000.\0004\000.\0001\000\040\000B\000a\000s\000e\000S\000t\000r\000e\000a\000m}{subsection.6.2.4}% 55
\BOOKMARK [3][-]{subsubsection.6.2.4.2}{\376\377\0006\000.\0002\000.\0004\000.\0002\000\040\000B\000a\000u\000d\000R\000a\000t\000e}{subsection.6.2.4}% 56
\BOOKMARK [3][-]{subsubsection.6.2.4.3}{\376\377\0006\000.\0002\000.\0004\000.\0003\000\040\000D\000a\000t\000a\000B\000i\000t\000s}{subsection.6.2.4}% 57
\BOOKMARK [3][-]{subsubsection.6.2.4.4}{\376\377\0006\000.\0002\000.\0004\000.\0004\000\040\000H\000a\000n\000d\000s\000h\000a\000k\000e}{subsection.6.2.4}% 58
\BOOKMARK [3][-]{subsubsection.6.2.4.5}{\376\377\0006\000.\0002\000.\0004\000.\0005\000\040\000I\000s\000O\000p\000e\000n}{subsection.6.2.4}% 59
\BOOKMARK [3][-]{subsubsection.6.2.4.6}{\376\377\0006\000.\0002\000.\0004\000.\0006\000\040\000P\000a\000r\000i\000t\000y}{subsection.6.2.4}% 60
\BOOKMARK [3][-]{subsubsection.6.2.4.7}{\376\377\0006\000.\0002\000.\0004\000.\0007\000\040\000P\000o\000r\000t\000N\000a\000m\000e}{subsection.6.2.4}% 61
\BOOKMARK [3][-]{subsubsection.6.2.4.8}{\376\377\0006\000.\0002\000.\0004\000.\0008\000\040\000R\000e\000a\000d\000T\000i\000m\000e\000o\000u\000t}{subsection.6.2.4}% 62
\BOOKMARK [3][-]{subsubsection.6.2.4.9}{\376\377\0006\000.\0002\000.\0004\000.\0009\000\040\000S\000t\000o\000p\000B\000i\000t\000s}{subsection.6.2.4}% 63
\BOOKMARK [1][-]{section.6.3}{\376\377\0006\000.\0003\000\040\000C\000C\000D\000e\000v\000e\000l\000o\000p\000.\000S\000e\000r\000i\000a\000l\000P\000o\000r\000t\000.\000L\000i\000n\000u\000x\000.\000S\000e\000r\000i\000a\000l\000P\000o\000r\000t\000I\000n\000f\000o\000\040\000C\000l\000a\000s\000s\000\040\000R\000e\000f\000e\000r\000e\000n\000c\000e}{chapter.6}% 64
\BOOKMARK [2][-]{subsection.6.3.1}{\376\377\0006\000.\0003\000.\0001\000\040\000D\000e\000t\000a\000i\000l\000e\000d\000\040\000D\000e\000s\000c\000r\000i\000p\000t\000i\000o\000n}{section.6.3}% 65
\BOOKMARK [1][-]{section.6.4}{\376\377\0006\000.\0004\000\040\000C\000C\000D\000e\000v\000e\000l\000o\000p\000.\000S\000e\000r\000i\000a\000l\000P\000o\000r\000t\000.\000W\000i\000n\000d\000o\000w\000s\000.\000W\000i\000n\000d\000o\000w\000s\000S\000e\000r\000i\000a\000l\000P\000o\000r\000t\000\040\000C\000l\000a\000s\000s\000\040\000R\000e\000f\000e\000r\000e\000n\000c\000e}{chapter.6}% 66
\BOOKMARK [2][-]{subsection.6.4.1}{\376\377\0006\000.\0004\000.\0001\000\040\000D\000e\000t\000a\000i\000l\000e\000d\000\040\000D\000e\000s\000c\000r\000i\000p\000t\000i\000o\000n}{section.6.4}% 67
\BOOKMARK [2][-]{subsection.6.4.2}{\376\377\0006\000.\0004\000.\0002\000\040\000C\000o\000n\000s\000t\000r\000u\000c\000t\000o\000r\000\040\000\046\000\040\000D\000e\000s\000t\000r\000u\000c\000t\000o\000r\000\040\000D\000o\000c\000u\000m\000e\000n\000t\000a\000t\000i\000o\000n}{section.6.4}% 68
\BOOKMARK [3][-]{subsubsection.6.4.2.1}{\376\377\0006\000.\0004\000.\0002\000.\0001\000\040\000W\000i\000n\000d\000o\000w\000s\000S\000e\000r\000i\000a\000l\000P\000o\000r\000t\000\050\000\051}{subsection.6.4.2}% 69
\BOOKMARK [2][-]{subsection.6.4.3}{\376\377\0006\000.\0004\000.\0003\000\040\000M\000e\000m\000b\000e\000r\000\040\000F\000u\000n\000c\000t\000i\000o\000n\000\040\000D\000o\000c\000u\000m\000e\000n\000t\000a\000t\000i\000o\000n}{section.6.4}% 70
\BOOKMARK [3][-]{subsubsection.6.4.3.1}{\376\377\0006\000.\0004\000.\0003\000.\0001\000\040\000C\000l\000o\000s\000e\000\050\000\051}{subsection.6.4.3}% 71
\BOOKMARK [3][-]{subsubsection.6.4.3.2}{\376\377\0006\000.\0004\000.\0003\000.\0002\000\040\000D\000i\000s\000c\000a\000r\000d\000I\000n\000B\000u\000f\000f\000e\000r\000\050\000\051}{subsection.6.4.3}% 72
\BOOKMARK [3][-]{subsubsection.6.4.3.3}{\376\377\0006\000.\0004\000.\0003\000.\0003\000\040\000D\000i\000s\000c\000a\000r\000d\000I\000n\000B\000u\000f\000f\000e\000r\000A\000s\000y\000n\000c\000\050\000\051}{subsection.6.4.3}% 73
\BOOKMARK [3][-]{subsubsection.6.4.3.4}{\376\377\0006\000.\0004\000.\0003\000.\0004\000\040\000D\000i\000s\000c\000a\000r\000d\000O\000u\000t\000B\000u\000f\000f\000e\000r\000\050\000\051}{subsection.6.4.3}% 74
\BOOKMARK [3][-]{subsubsection.6.4.3.5}{\376\377\0006\000.\0004\000.\0003\000.\0005\000\040\000D\000i\000s\000c\000a\000r\000d\000O\000u\000t\000B\000u\000f\000f\000e\000r\000A\000s\000y\000n\000c\000\050\000\051}{subsection.6.4.3}% 75
\BOOKMARK [3][-]{subsubsection.6.4.3.6}{\376\377\0006\000.\0004\000.\0003\000.\0006\000\040\000O\000p\000e\000n\000\050\000\051}{subsection.6.4.3}% 76
\BOOKMARK [2][-]{subsection.6.4.4}{\376\377\0006\000.\0004\000.\0004\000\040\000P\000r\000o\000p\000e\000r\000t\000y\000\040\000D\000o\000c\000u\000m\000e\000n\000t\000a\000t\000i\000o\000n}{section.6.4}% 77
\BOOKMARK [3][-]{subsubsection.6.4.4.1}{\376\377\0006\000.\0004\000.\0004\000.\0001\000\040\000B\000a\000s\000e\000S\000t\000r\000e\000a\000m}{subsection.6.4.4}% 78
\BOOKMARK [3][-]{subsubsection.6.4.4.2}{\376\377\0006\000.\0004\000.\0004\000.\0002\000\040\000B\000a\000u\000d\000R\000a\000t\000e}{subsection.6.4.4}% 79
\BOOKMARK [3][-]{subsubsection.6.4.4.3}{\376\377\0006\000.\0004\000.\0004\000.\0003\000\040\000D\000a\000t\000a\000B\000i\000t\000s}{subsection.6.4.4}% 80
\BOOKMARK [3][-]{subsubsection.6.4.4.4}{\376\377\0006\000.\0004\000.\0004\000.\0004\000\040\000H\000a\000n\000d\000s\000h\000a\000k\000e}{subsection.6.4.4}% 81
\BOOKMARK [3][-]{subsubsection.6.4.4.5}{\376\377\0006\000.\0004\000.\0004\000.\0005\000\040\000I\000s\000O\000p\000e\000n}{subsection.6.4.4}% 82
\BOOKMARK [3][-]{subsubsection.6.4.4.6}{\376\377\0006\000.\0004\000.\0004\000.\0006\000\040\000P\000a\000r\000i\000t\000y}{subsection.6.4.4}% 83
\BOOKMARK [3][-]{subsubsection.6.4.4.7}{\376\377\0006\000.\0004\000.\0004\000.\0007\000\040\000P\000o\000r\000t\000N\000a\000m\000e}{subsection.6.4.4}% 84
\BOOKMARK [3][-]{subsubsection.6.4.4.8}{\376\377\0006\000.\0004\000.\0004\000.\0008\000\040\000R\000e\000a\000d\000T\000i\000m\000e\000o\000u\000t}{subsection.6.4.4}% 85
\BOOKMARK [3][-]{subsubsection.6.4.4.9}{\376\377\0006\000.\0004\000.\0004\000.\0009\000\040\000S\000t\000o\000p\000B\000i\000t\000s}{subsection.6.4.4}% 86
